<?xml version="1.0" encoding="UTF-8"?>
<!-- Generated by org.testng.reporters.JUnitXMLReporter -->
<testsuite hostname="186590d67ca9.ant.amazon.com" ignored="5" tests="1" failures="0" timestamp="09 Sep 2018 18:40:26 GMT" time="8.807" errors="0">
  <testcase name="cookieContentTest" time="0.128" classname="Room5SanityTest"/>
  <testcase name="fillContactFormTest" time="0.0" classname="Room5SanityTest">
    <ignored/>
  </testcase> <!-- fillContactFormTest -->
  <testcase name="searchLocationTest" time="0.0" classname="Room5SanityTest">
    <ignored/>
  </testcase> <!-- searchLocationTest -->
  <testcase name="changeCountryNavigationTest" time="0.0" classname="Room5SanityTest">
    <ignored/>
  </testcase> <!-- changeCountryNavigationTest -->
  <testcase name="navigateToDestinationTest" time="0.0" classname="Room5SanityTest">
    <ignored/>
  </testcase> <!-- navigateToDestinationTest -->
  <testcase name="subsribeToNewsletterTest" time="0.0" classname="Room5SanityTest">
    <ignored/>
  </testcase> <!-- subsribeToNewsletterTest -->
</testsuite>
